127.0.0.1 - - [31/Aug/2025 03:12:10] "HEAD / HTTP/1.1" 200 -
127.0.0.1 - - [31/Aug/2025 03:12:14] "HEAD /RL-Sideswipe-Access-v2.22-REVIEW-FIXES-stub-release.apk HTTP/1.1" 200 -
127.0.0.1 - - [31/Aug/2025 03:12:18] "HEAD /RL-Sideswipe-Access-v2.22-REVIEW-FIXES-tflite-release.apk HTTP/1.1" 200 -
10.2.16.11 - - [31/Aug/2025 03:12:35] "GET / HTTP/1.1" 200 -
10.2.16.11 - - [31/Aug/2025 03:12:41] "GET /RL-Sideswipe-Access-v2.22-REVIEW-FIXES-stub-release.apk HTTP/1.1" 200 -
10.2.45.9 - - [31/Aug/2025 03:13:17] "GET / HTTP/1.1" 200 -
10.2.16.11 - - [31/Aug/2025 03:13:37] "GET / HTTP/1.1" 200 -
10.2.16.11 - - [31/Aug/2025 03:13:45] "GET /RL-Sideswipe-Access-v2.22-REVIEW-FIXES-tflite-release.apk HTTP/1.1" 200 -
10.2.16.11 - - [31/Aug/2025 03:13:45] "GET /RL-Sideswipe-Access-v2.22-REVIEW-FIXES-tflite-release.apk HTTP/1.1" 200 -
10.2.16.11 - - [31/Aug/2025 03:13:45] "GET /RL-Sideswipe-Access-v2.22-REVIEW-FIXES-tflite-release.apk HTTP/1.1" 200 -
----------------------------------------
Exception occurred during processing of request from ('10.2.16.11', 47722)
----------------------------------------
Exception occurred during processing of request from ('10.2.16.11', 47716)
Traceback (most recent call last):
Traceback (most recent call last):
  File "/openhands/micromamba/envs/openhands/lib/python3.12/socketserver.py", line 697, in process_request_thread
    self.finish_request(request, client_address)
  File "/openhands/micromamba/envs/openhands/lib/python3.12/http/server.py", line 1311, in finish_request
    self.RequestHandlerClass(request, client_address, self,
  File "/openhands/micromamba/envs/openhands/lib/python3.12/http/server.py", line 672, in __init__
    super().__init__(*args, **kwargs)
  File "/openhands/micromamba/envs/openhands/lib/python3.12/socketserver.py", line 766, in __init__
    self.handle()
  File "/openhands/micromamba/envs/openhands/lib/python3.12/http/server.py", line 436, in handle
    self.handle_one_request()
  File "/openhands/micromamba/envs/openhands/lib/python3.12/http/server.py", line 424, in handle_one_request
    method()
  File "/openhands/micromamba/envs/openhands/lib/python3.12/http/server.py", line 679, in do_GET
    self.copyfile(f, self.wfile)
  File "/openhands/micromamba/envs/openhands/lib/python3.12/socketserver.py", line 697, in process_request_thread
    self.finish_request(request, client_address)
  File "/openhands/micromamba/envs/openhands/lib/python3.12/http/server.py", line 878, in copyfile
    shutil.copyfileobj(source, outputfile)
  File "/openhands/micromamba/envs/openhands/lib/python3.12/http/server.py", line 1311, in finish_request
    self.RequestHandlerClass(request, client_address, self,
  File "/openhands/micromamba/envs/openhands/lib/python3.12/shutil.py", line 204, in copyfileobj
    fdst_write(buf)
  File "/openhands/micromamba/envs/openhands/lib/python3.12/http/server.py", line 672, in __init__
    super().__init__(*args, **kwargs)
  File "/openhands/micromamba/envs/openhands/lib/python3.12/socketserver.py", line 845, in write
    self._sock.sendall(b)
  File "/openhands/micromamba/envs/openhands/lib/python3.12/socketserver.py", line 766, in __init__
    self.handle()
ConnectionResetError: [Errno 104] Connection reset by peer
  File "/openhands/micromamba/envs/openhands/lib/python3.12/http/server.py", line 436, in handle
    self.handle_one_request()
----------------------------------------
  File "/openhands/micromamba/envs/openhands/lib/python3.12/http/server.py", line 424, in handle_one_request
    method()
  File "/openhands/micromamba/envs/openhands/lib/python3.12/http/server.py", line 679, in do_GET
    self.copyfile(f, self.wfile)
  File "/openhands/micromamba/envs/openhands/lib/python3.12/http/server.py", line 878, in copyfile
    shutil.copyfileobj(source, outputfile)
  File "/openhands/micromamba/envs/openhands/lib/python3.12/shutil.py", line 204, in copyfileobj
    fdst_write(buf)
  File "/openhands/micromamba/envs/openhands/lib/python3.12/socketserver.py", line 845, in write
    self._sock.sendall(b)
ConnectionResetError: [Errno 104] Connection reset by peer
----------------------------------------
----------------------------------------
Exception occurred during processing of request from ('10.2.16.11', 47712)
Traceback (most recent call last):
  File "/openhands/micromamba/envs/openhands/lib/python3.12/socketserver.py", line 697, in process_request_thread
    self.finish_request(request, client_address)
  File "/openhands/micromamba/envs/openhands/lib/python3.12/http/server.py", line 1311, in finish_request
    self.RequestHandlerClass(request, client_address, self,
  File "/openhands/micromamba/envs/openhands/lib/python3.12/http/server.py", line 672, in __init__
    super().__init__(*args, **kwargs)
  File "/openhands/micromamba/envs/openhands/lib/python3.12/socketserver.py", line 766, in __init__
    self.handle()
  File "/openhands/micromamba/envs/openhands/lib/python3.12/http/server.py", line 436, in handle
    self.handle_one_request()
  File "/openhands/micromamba/envs/openhands/lib/python3.12/http/server.py", line 424, in handle_one_request
    method()
  File "/openhands/micromamba/envs/openhands/lib/python3.12/http/server.py", line 679, in do_GET
    self.copyfile(f, self.wfile)
  File "/openhands/micromamba/envs/openhands/lib/python3.12/http/server.py", line 878, in copyfile
    shutil.copyfileobj(source, outputfile)
  File "/openhands/micromamba/envs/openhands/lib/python3.12/shutil.py", line 204, in copyfileobj
    fdst_write(buf)
  File "/openhands/micromamba/envs/openhands/lib/python3.12/socketserver.py", line 845, in write
    self._sock.sendall(b)
ConnectionResetError: [Errno 104] Connection reset by peer
----------------------------------------
10.2.16.11 - - [31/Aug/2025 03:13:55] "GET /RL-Sideswipe-Access-v2.22-REVIEW-FIXES-tflite-release.apk HTTP/1.1" 200 -
10.2.16.11 - - [31/Aug/2025 03:13:55] "GET /RL-Sideswipe-Access-v2.22-REVIEW-FIXES-tflite-release.apk HTTP/1.1" 200 -
10.2.16.11 - - [31/Aug/2025 03:13:55] "GET /RL-Sideswipe-Access-v2.22-REVIEW-FIXES-tflite-release.apk HTTP/1.1" 200 -
----------------------------------------
Exception occurred during processing of request from ('10.2.16.11', 34280)
Traceback (most recent call last):
  File "/openhands/micromamba/envs/openhands/lib/python3.12/socketserver.py", line 697, in process_request_thread
    self.finish_request(request, client_address)
  File "/openhands/micromamba/envs/openhands/lib/python3.12/http/server.py", line 1311, in finish_request
    self.RequestHandlerClass(request, client_address, self,
  File "/openhands/micromamba/envs/openhands/lib/python3.12/http/server.py", line 672, in __init__
    super().__init__(*args, **kwargs)
  File "/openhands/micromamba/envs/openhands/lib/python3.12/socketserver.py", line 766, in __init__
    self.handle()
  File "/openhands/micromamba/envs/openhands/lib/python3.12/http/server.py", line 436, in handle
    self.handle_one_request()
  File "/openhands/micromamba/envs/openhands/lib/python3.12/http/server.py", line 424, in handle_one_request
    method()
  File "/openhands/micromamba/envs/openhands/lib/python3.12/http/server.py", line 679, in do_GET
    self.copyfile(f, self.wfile)
  File "/openhands/micromamba/envs/openhands/lib/python3.12/http/server.py", line 878, in copyfile
    shutil.copyfileobj(source, outputfile)
  File "/openhands/micromamba/envs/openhands/lib/python3.12/shutil.py", line 204, in copyfileobj
    fdst_write(buf)
  File "/openhands/micromamba/envs/openhands/lib/python3.12/socketserver.py", line 845, in write
    self._sock.sendall(b)
ConnectionResetError: [Errno 104] Connection reset by peer
----------------------------------------
----------------------------------------
Exception occurred during processing of request from ('10.2.16.11', 34278)
Traceback (most recent call last):
  File "/openhands/micromamba/envs/openhands/lib/python3.12/socketserver.py", line 697, in process_request_thread
    self.finish_request(request, client_address)
  File "/openhands/micromamba/envs/openhands/lib/python3.12/http/server.py", line 1311, in finish_request
    self.RequestHandlerClass(request, client_address, self,
  File "/openhands/micromamba/envs/openhands/lib/python3.12/http/server.py", line 672, in __init__
    super().__init__(*args, **kwargs)
  File "/openhands/micromamba/envs/openhands/lib/python3.12/socketserver.py", line 766, in __init__
    self.handle()
  File "/openhands/micromamba/envs/openhands/lib/python3.12/http/server.py", line 436, in handle
    self.handle_one_request()
  File "/openhands/micromamba/envs/openhands/lib/python3.12/http/server.py", line 424, in handle_one_request
    method()
  File "/openhands/micromamba/envs/openhands/lib/python3.12/http/server.py", line 679, in do_GET
    self.copyfile(f, self.wfile)
  File "/openhands/micromamba/envs/openhands/lib/python3.12/http/server.py", line 878, in copyfile
    shutil.copyfileobj(source, outputfile)
  File "/openhands/micromamba/envs/openhands/lib/python3.12/shutil.py", line 204, in copyfileobj
    fdst_write(buf)
  File "/openhands/micromamba/envs/openhands/lib/python3.12/socketserver.py", line 845, in write
    self._sock.sendall(b)
ConnectionResetError: [Errno 104] Connection reset by peer
----------------------------------------
10.2.16.11 - - [31/Aug/2025 03:13:58] "GET /RL-Sideswipe-Access-v2.22-REVIEW-FIXES-stub-release.apk HTTP/1.1" 200 -
10.2.16.11 - - [31/Aug/2025 03:13:58] "GET /RL-Sideswipe-Access-v2.22-REVIEW-FIXES-stub-release.apk HTTP/1.1" 200 -
10.2.16.11 - - [31/Aug/2025 03:13:58] "GET /RL-Sideswipe-Access-v2.22-REVIEW-FIXES-stub-release.apk HTTP/1.1" 200 -
----------------------------------------
----------------------------------------
Exception occurred during processing of request from ('10.2.16.11', 35026)
Exception occurred during processing of request from ('10.2.16.11', 35038)
Traceback (most recent call last):
  File "/openhands/micromamba/envs/openhands/lib/python3.12/socketserver.py", line 697, in process_request_thread
    self.finish_request(request, client_address)
  File "/openhands/micromamba/envs/openhands/lib/python3.12/http/server.py", line 1311, in finish_request
    self.RequestHandlerClass(request, client_address, self,
  File "/openhands/micromamba/envs/openhands/lib/python3.12/http/server.py", line 672, in __init__
    super().__init__(*args, **kwargs)
  File "/openhands/micromamba/envs/openhands/lib/python3.12/socketserver.py", line 766, in __init__
    self.handle()
  File "/openhands/micromamba/envs/openhands/lib/python3.12/http/server.py", line 436, in handle
    self.handle_one_request()
Traceback (most recent call last):
  File "/openhands/micromamba/envs/openhands/lib/python3.12/http/server.py", line 424, in handle_one_request
    method()
  File "/openhands/micromamba/envs/openhands/lib/python3.12/http/server.py", line 679, in do_GET
    self.copyfile(f, self.wfile)
  File "/openhands/micromamba/envs/openhands/lib/python3.12/http/server.py", line 878, in copyfile
    shutil.copyfileobj(source, outputfile)
  File "/openhands/micromamba/envs/openhands/lib/python3.12/shutil.py", line 204, in copyfileobj
    fdst_write(buf)
  File "/openhands/micromamba/envs/openhands/lib/python3.12/socketserver.py", line 845, in write
    self._sock.sendall(b)
  File "/openhands/micromamba/envs/openhands/lib/python3.12/socketserver.py", line 697, in process_request_thread
    self.finish_request(request, client_address)
  File "/openhands/micromamba/envs/openhands/lib/python3.12/http/server.py", line 1311, in finish_request
    self.RequestHandlerClass(request, client_address, self,
  File "/openhands/micromamba/envs/openhands/lib/python3.12/http/server.py", line 672, in __init__
    super().__init__(*args, **kwargs)
  File "/openhands/micromamba/envs/openhands/lib/python3.12/socketserver.py", line 766, in __init__
    self.handle()
  File "/openhands/micromamba/envs/openhands/lib/python3.12/http/server.py", line 436, in handle
    self.handle_one_request()
  File "/openhands/micromamba/envs/openhands/lib/python3.12/http/server.py", line 424, in handle_one_request
    method()
  File "/openhands/micromamba/envs/openhands/lib/python3.12/http/server.py", line 679, in do_GET
    self.copyfile(f, self.wfile)
  File "/openhands/micromamba/envs/openhands/lib/python3.12/http/server.py", line 878, in copyfile
    shutil.copyfileobj(source, outputfile)
  File "/openhands/micromamba/envs/openhands/lib/python3.12/shutil.py", line 204, in copyfileobj
    fdst_write(buf)
  File "/openhands/micromamba/envs/openhands/lib/python3.12/socketserver.py", line 845, in write
    self._sock.sendall(b)
ConnectionResetError: [Errno 104] Connection reset by peer
----------------------------------------
ConnectionResetError: [Errno 104] Connection reset by peer
----------------------------------------
10.2.24.16 - - [31/Aug/2025 03:19:12] "GET / HTTP/1.1" 304 -
10.2.70.3 - - [31/Aug/2025 03:19:56] "GET /RL-Sideswipe-Access-v2.22-REVIEW-FIXES-stub-release.apk HTTP/1.1" 200 -
10.2.70.3 - - [31/Aug/2025 03:19:56] "GET /RL-Sideswipe-Access-v2.22-REVIEW-FIXES-stub-release.apk HTTP/1.1" 200 -
10.2.70.3 - - [31/Aug/2025 03:19:56] "GET /RL-Sideswipe-Access-v2.22-REVIEW-FIXES-stub-release.apk HTTP/1.1" 200 -
----------------------------------------
----------------------------------------
Exception occurred during processing of request from ('10.2.70.3', 44624)
Exception occurred during processing of request from ('10.2.70.3', 44622)
Traceback (most recent call last):
Traceback (most recent call last):
  File "/openhands/micromamba/envs/openhands/lib/python3.12/socketserver.py", line 697, in process_request_thread
    self.finish_request(request, client_address)
  File "/openhands/micromamba/envs/openhands/lib/python3.12/http/server.py", line 1311, in finish_request
    self.RequestHandlerClass(request, client_address, self,
  File "/openhands/micromamba/envs/openhands/lib/python3.12/http/server.py", line 672, in __init__
    super().__init__(*args, **kwargs)
  File "/openhands/micromamba/envs/openhands/lib/python3.12/socketserver.py", line 766, in __init__
    self.handle()
  File "/openhands/micromamba/envs/openhands/lib/python3.12/http/server.py", line 436, in handle
    self.handle_one_request()
  File "/openhands/micromamba/envs/openhands/lib/python3.12/http/server.py", line 424, in handle_one_request
    method()
  File "/openhands/micromamba/envs/openhands/lib/python3.12/http/server.py", line 679, in do_GET
    self.copyfile(f, self.wfile)
  File "/openhands/micromamba/envs/openhands/lib/python3.12/http/server.py", line 878, in copyfile
    shutil.copyfileobj(source, outputfile)
  File "/openhands/micromamba/envs/openhands/lib/python3.12/shutil.py", line 204, in copyfileobj
    fdst_write(buf)
  File "/openhands/micromamba/envs/openhands/lib/python3.12/socketserver.py", line 845, in write
    self._sock.sendall(b)
  File "/openhands/micromamba/envs/openhands/lib/python3.12/socketserver.py", line 697, in process_request_thread
    self.finish_request(request, client_address)
ConnectionResetError: [Errno 104] Connection reset by peer
  File "/openhands/micromamba/envs/openhands/lib/python3.12/http/server.py", line 1311, in finish_request
    self.RequestHandlerClass(request, client_address, self,
----------------------------------------
  File "/openhands/micromamba/envs/openhands/lib/python3.12/http/server.py", line 672, in __init__
    super().__init__(*args, **kwargs)
  File "/openhands/micromamba/envs/openhands/lib/python3.12/socketserver.py", line 766, in __init__
    self.handle()
  File "/openhands/micromamba/envs/openhands/lib/python3.12/http/server.py", line 436, in handle
    self.handle_one_request()
  File "/openhands/micromamba/envs/openhands/lib/python3.12/http/server.py", line 424, in handle_one_request
    method()
  File "/openhands/micromamba/envs/openhands/lib/python3.12/http/server.py", line 679, in do_GET
    self.copyfile(f, self.wfile)
  File "/openhands/micromamba/envs/openhands/lib/python3.12/http/server.py", line 878, in copyfile
    shutil.copyfileobj(source, outputfile)
  File "/openhands/micromamba/envs/openhands/lib/python3.12/shutil.py", line 204, in copyfileobj
    fdst_write(buf)
  File "/openhands/micromamba/envs/openhands/lib/python3.12/socketserver.py", line 845, in write
    self._sock.sendall(b)
ConnectionResetError: [Errno 104] Connection reset by peer
----------------------------------------
10.2.45.9 - - [31/Aug/2025 03:20:46] "GET / HTTP/1.1" 304 -
